# JRE version: OpenJDK Runtime Environment (8.0_202-b03) (build 1.8.0_202-release-1483-b03)
# Java VM: OpenJDK 64-Bit Server VM (25.202-b03 mixed mode windows-amd64 compressed oops)
Heap:
 PSYoungGen      total 445440K, used 346599K [0x00000000e0000000, 0x00000000ffb80000, 0x0000000100000000)
  eden space 377344K, 88% used [0x00000000e0000000,0x00000000f46ee7e8,0x00000000f7080000)
  from space 68096K, 17% used [0x00000000f7080000,0x00000000f7c0b7c8,0x00000000fb300000)
  to   space 63488K, 0% used [0x00000000fbd80000,0x00000000fbd80000,0x00000000ffb80000)
 ParOldGen       total 453120K, used 255506K [0x00000000a0000000, 0x00000000bba80000, 0x00000000e0000000)
  object space 453120K, 56% used [0x00000000a0000000,0x00000000af984900,0x00000000bba80000)
 Metaspace       used 335955K, capacity 348930K, committed 352552K, reserved 1357824K
  class space    used 40384K, capacity 42651K, committed 43304K, reserved 1048576K
GC Heap History (10 events):
Event: 30495.926 GC heap before
{Heap before GC invocations=156 (full 11):
 PSYoungGen      total 423424K, used 363578K [0x00000000e0000000, 0x00000000ff180000, 0x0000000100000000)
  eden space 345600K, 100% used [0x00000000e0000000,0x00000000f5180000,0x00000000f5180000)
  from space 77824K, 23% used [0x00000000fa580000,0x00000000fb70ea30,0x00000000ff180000)
  to   space 81920K, 0% used [0x00000000f5180000,0x00000000f5180000,0x00000000fa180000)
 ParOldGen       total 453120K, used 216500K [0x00000000a0000000, 0x00000000bba80000, 0x00000000e0000000)
  object space 453120K, 47% used [0x00000000a0000000,0x00000000ad36d270,0x00000000bba80000)
 Metaspace       used 334969K, capacity 347916K, committed 351656K, reserved 1357824K
  class space    used 40243K, capacity 42494K, committed 43176K, reserved 1048576K
Event: 30495.957 GC heap after
Heap after GC invocations=156 (full 11):
 PSYoungGen      total 427520K, used 5200K [0x00000000e0000000, 0x00000000ffe00000, 0x0000000100000000)
  eden space 345600K, 0% used [0x00000000e0000000,0x00000000e0000000,0x00000000f5180000)
  from space 81920K, 6% used [0x00000000f5180000,0x00000000f5694020,0x00000000fa180000)
  to   space 78848K, 0% used [0x00000000fb100000,0x00000000fb100000,0x00000000ffe00000)
 ParOldGen       total 453120K, used 232197K [0x00000000a0000000, 0x00000000bba80000, 0x00000000e0000000)
  object space 453120K, 51% used [0x00000000a0000000,0x00000000ae2c17e8,0x00000000bba80000)
 Metaspace       used 334969K, capacity 347916K, committed 351656K, reserved 1357824K
  class space    used 40243K, capacity 42494K, committed 43176K, reserved 1048576K
}
Event: 30496.629 GC heap before
{Heap before GC invocations=157 (full 11):
 PSYoungGen      total 427520K, used 350800K [0x00000000e0000000, 0x00000000ffe00000, 0x0000000100000000)
  eden space 345600K, 100% used [0x00000000e0000000,0x00000000f5180000,0x00000000f5180000)
  from space 81920K, 6% used [0x00000000f5180000,0x00000000f5694020,0x00000000fa180000)
  to   space 78848K, 0% used [0x00000000fb100000,0x00000000fb100000,0x00000000ffe00000)
 ParOldGen       total 453120K, used 232197K [0x00000000a0000000, 0x00000000bba80000, 0x00000000e0000000)
  object space 453120K, 51% used [0x00000000a0000000,0x00000000ae2c17e8,0x00000000bba80000)
 Metaspace       used 334996K, capacity 347920K, committed 351656K, reserved 1357824K
  class space    used 40243K, capacity 42494K, committed 43176K, reserved 1048576K
Event: 30496.652 GC heap after
Heap after GC invocations=157 (full 11):
 PSYoungGen      total 434176K, used 6340K [0x00000000e0000000, 0x00000000ff600000, 0x0000000100000000)
  eden space 363520K, 0% used [0x00000000e0000000,0x00000000e0000000,0x00000000f6300000)
  from space 70656K, 8% used [0x00000000fb100000,0x00000000fb731278,0x00000000ff600000)
  to   space 75264K, 0% used [0x00000000f6300000,0x00000000f6300000,0x00000000fac80000)
 ParOldGen       total 453120K, used 236495K [0x00000000a0000000, 0x00000000bba80000, 0x00000000e0000000)
  object space 453120K, 52% used [0x00000000a0000000,0x00000000ae6f3d28,0x00000000bba80000)
 Metaspace       used 334996K, capacity 347920K, committed 351656K, reserved 1357824K
  class space    used 40243K, capacity 42494K, committed 43176K, reserved 1048576K
}
Event: 30497.635 GC heap before
{Heap before GC invocations=158 (full 11):
 PSYoungGen      total 434176K, used 369860K [0x00000000e0000000, 0x00000000ff600000, 0x0000000100000000)
  eden space 363520K, 100% used [0x00000000e0000000,0x00000000f6300000,0x00000000f6300000)
  from space 70656K, 8% used [0x00000000fb100000,0x00000000fb731278,0x00000000ff600000)
  to   space 75264K, 0% used [0x00000000f6300000,0x00000000f6300000,0x00000000fac80000)
 ParOldGen       total 453120K, used 236495K [0x00000000a0000000, 0x00000000bba80000, 0x00000000e0000000)
  object space 453120K, 52% used [0x00000000a0000000,0x00000000ae6f3d28,0x00000000bba80000)
 Metaspace       used 335028K, capacity 347926K, committed 351656K, reserved 1357824K
  class space    used 40244K, capacity 42495K, committed 43176K, reserved 1048576K
Event: 30497.658 GC heap after
Heap after GC invocations=158 (full 11):
 PSYoungGen      total 438784K, used 8038K [0x00000000e0000000, 0x00000000ffd80000, 0x0000000100000000)
  eden space 363520K, 0% used [0x00000000e0000000,0x00000000e0000000,0x00000000f6300000)
  from space 75264K, 10% used [0x00000000f6300000,0x00000000f6ad9b60,0x00000000fac80000)
  to   space 71680K, 0% used [0x00000000fb780000,0x00000000fb780000,0x00000000ffd80000)
 ParOldGen       total 453120K, used 242439K [0x00000000a0000000, 0x00000000bba80000, 0x00000000e0000000)
  object space 453120K, 53% used [0x00000000a0000000,0x00000000aecc1d28,0x00000000bba80000)
 Metaspace       used 335028K, capacity 347926K, committed 351656K, reserved 1357824K
  class space    used 40244K, capacity 42495K, committed 43176K, reserved 1048576K
}
Event: 30498.838 GC heap before
{Heap before GC invocations=159 (full 11):
 PSYoungGen      total 438784K, used 371558K [0x00000000e0000000, 0x00000000ffd80000, 0x0000000100000000)
  eden space 363520K, 100% used [0x00000000e0000000,0x00000000f6300000,0x00000000f6300000)
  from space 75264K, 10% used [0x00000000f6300000,0x00000000f6ad9b60,0x00000000fac80000)
  to   space 71680K, 0% used [0x00000000fb780000,0x00000000fb780000,0x00000000ffd80000)
 ParOldGen       total 453120K, used 242439K [0x00000000a0000000, 0x00000000bba80000, 0x00000000e0000000)
  object space 453120K, 53% used [0x00000000a0000000,0x00000000aecc1d28,0x00000000bba80000)
 Metaspace       used 335115K, capacity 348008K, committed 351656K, reserved 1357824K
  class space    used 40246K, capacity 42498K, committed 43176K, reserved 1048576K
Event: 30498.862 GC heap after
Heap after GC invocations=159 (full 11):
 PSYoungGen      total 440832K, used 6240K [0x00000000e0000000, 0x00000000ff580000, 0x0000000100000000)
  eden space 377344K, 0% used [0x00000000e0000000,0x00000000e0000000,0x00000000f7080000)
  from space 63488K, 9% used [0x00000000fb780000,0x00000000fbd98000,0x00000000ff580000)
  to   space 68096K, 0% used [0x00000000f7080000,0x00000000f7080000,0x00000000fb300000)
 ParOldGen       total 453120K, used 249514K [0x00000000a0000000, 0x00000000bba80000, 0x00000000e0000000)
  object space 453120K, 55% used [0x00000000a0000000,0x00000000af3aa8e0,0x00000000bba80000)
 Metaspace       used 335115K, capacity 348008K, committed 351656K, reserved 1357824K
  class space    used 40246K, capacity 42498K, committed 43176K, reserved 1048576K
}
Event: 30501.945 GC heap before
{Heap before GC invocations=160 (full 11):
 PSYoungGen      total 440832K, used 383584K [0x00000000e0000000, 0x00000000ff580000, 0x0000000100000000)
  eden space 377344K, 100% used [0x00000000e0000000,0x00000000f7080000,0x00000000f7080000)
  from space 63488K, 9% used [0x00000000fb780000,0x00000000fbd98000,0x00000000ff580000)
  to   space 68096K, 0% used [0x00000000f7080000,0x00000000f7080000,0x00000000fb300000)
 ParOldGen       total 453120K, used 249514K [0x00000000a0000000, 0x00000000bba80000, 0x00000000e0000000)
  object space 453120K, 55% used [0x00000000a0000000,0x00000000af3aa8e0,0x00000000bba80000)
 Metaspace       used 335687K, capacity 348620K, committed 352296K, reserved 1357824K
  class space    used 40340K, capacity 42594K, committed 43304K, reserved 1048576K
Event: 30501.969 GC heap after
Heap after GC invocations=160 (full 11):
 PSYoungGen      total 445440K, used 11821K [0x00000000e0000000, 0x00000000ffb80000, 0x0000000100000000)
  eden space 377344K, 0% used [0x00000000e0000000,0x00000000e0000000,0x00000000f7080000)
  from space 68096K, 17% used [0x00000000f7080000,0x00000000f7c0b7c8,0x00000000fb300000)
  to   space 63488K, 0% used [0x00000000fbd80000,0x00000000fbd80000,0x00000000ffb80000)
 ParOldGen       total 453120K, used 255506K [0x00000000a0000000, 0x00000000bba80000, 0x00000000e0000000)
  object space 453120K, 56% used [0x00000000a0000000,0x00000000af984900,0x00000000bba80000)
 Metaspace       used 335687K, capacity 348620K, committed 352296K, reserved 1357824K
  class space    used 40340K, capacity 42594K, committed 43304K, reserved 1048576K
}

